# JRE version: OpenJDK Runtime Environment Temurin-17.0.10+7 (17.0.10+7) (build 17.0.10+7)
# Java VM: OpenJDK 64-Bit Server VM Temurin-17.0.10+7 (17.0.10+7, mixed mode, emulated-client, tiered, compressed oops, compressed class ptrs, g1 gc, windows-amd64)
GC Precious Log:
 CPUs: 4 total, 4 available
 Memory: 3822M
 Large Page Support: Disabled
 NUMA Support: Disabled
 Compressed Oops: Enabled (32-bit)
 Heap Region Size: 1M
 Heap Min Capacity: 8M
 Heap Initial Capacity: 60M
 Heap Max Capacity: 1G
 Pre-touch: Disabled
 Parallel Workers: 4
 Concurrent Workers: 1
 Concurrent Refinement Workers: 4
 Periodic GC: Disabled
Heap:
 garbage-first heap   total 102400K, used 38166K [0x00000000c0000000, 0x0000000100000000)
  region size 1024K, 1 young (1024K), 0 survivors (0K)
 Metaspace       used 62473K, committed 62976K, reserved 1114112K
  class space    used 7567K, committed 7808K, reserved 1048576K
GC Heap History (20 events):
Event: 26535.756 GC heap before
{Heap before GC invocations=2216 (full 2179):
 garbage-first heap   total 102400K, used 38166K [0x00000000c0000000, 0x0000000100000000)
  region size 1024K, 1 young (1024K), 0 survivors (0K)
 Metaspace       used 62473K, committed 62976K, reserved 1114112K
  class space    used 7567K, committed 7808K, reserved 1048576K
}
Event: 26535.886 GC heap after
{Heap after GC invocations=2217 (full 2180):
 garbage-first heap   total 102400K, used 38166K [0x00000000c0000000, 0x0000000100000000)
  region size 1024K, 0 young (0K), 0 survivors (0K)
 Metaspace       used 62473K, committed 62976K, reserved 1114112K
  class space    used 7567K, committed 7808K, reserved 1048576K
}
Event: 26546.159 GC heap before
{Heap before GC invocations=2217 (full 2180):
 garbage-first heap   total 102400K, used 38166K [0x00000000c0000000, 0x0000000100000000)
  region size 1024K, 1 young (1024K), 0 survivors (0K)
 Metaspace       used 62473K, committed 62976K, reserved 1114112K
  class space    used 7567K, committed 7808K, reserved 1048576K
}
Event: 26546.242 GC heap after
{Heap after GC invocations=2218 (full 2181):
 garbage-first heap   total 102400K, used 38166K [0x00000000c0000000, 0x0000000100000000)
  region size 1024K, 0 young (0K), 0 survivors (0K)
 Metaspace       used 62473K, committed 62976K, reserved 1114112K
  class space    used 7567K, committed 7808K, reserved 1048576K
}
Event: 26556.481 GC heap before
{Heap before GC invocations=2218 (full 2181):
 garbage-first heap   total 102400K, used 38166K [0x00000000c0000000, 0x0000000100000000)
  region size 1024K, 1 young (1024K), 0 survivors (0K)
 Metaspace       used 62473K, committed 62976K, reserved 1114112K
  class space    used 7567K, committed 7808K, reserved 1048576K
}
Event: 26556.569 GC heap after
{Heap after GC invocations=2219 (full 2182):
 garbage-first heap   total 102400K, used 38166K [0x00000000c0000000, 0x0000000100000000)
  region size 1024K, 0 young (0K), 0 survivors (0K)
 Metaspace       used 62473K, committed 62976K, reserved 1114112K
  class space    used 7567K, committed 7808K, reserved 1048576K
}
Event: 26566.837 GC heap before
{Heap before GC invocations=2219 (full 2182):
 garbage-first heap   total 102400K, used 38166K [0x00000000c0000000, 0x0000000100000000)
  region size 1024K, 1 young (1024K), 0 survivors (0K)
 Metaspace       used 62473K, committed 62976K, reserved 1114112K
  class space    used 7567K, committed 7808K, reserved 1048576K
}
Event: 26566.941 GC heap after
{Heap after GC invocations=2220 (full 2183):
 garbage-first heap   total 102400K, used 38166K [0x00000000c0000000, 0x0000000100000000)
  region size 1024K, 0 young (0K), 0 survivors (0K)
 Metaspace       used 62473K, committed 62976K, reserved 1114112K
  class space    used 7567K, committed 7808K, reserved 1048576K
}
Event: 26577.254 GC heap before
{Heap before GC invocations=2220 (full 2183):
 garbage-first heap   total 102400K, used 38166K [0x00000000c0000000, 0x0000000100000000)
  region size 1024K, 1 young (1024K), 0 survivors (0K)
 Metaspace       used 62473K, committed 62976K, reserved 1114112K
  class space    used 7567K, committed 7808K, reserved 1048576K
}
Event: 26577.378 GC heap after
{Heap after GC invocations=2221 (full 2184):
 garbage-first heap   total 102400K, used 38166K [0x00000000c0000000, 0x0000000100000000)
  region size 1024K, 0 young (0K), 0 survivors (0K)
 Metaspace       used 62473K, committed 62976K, reserved 1114112K
  class space    used 7567K, committed 7808K, reserved 1048576K
}
Event: 26587.683 GC heap before
{Heap before GC invocations=2221 (full 2184):
 garbage-first heap   total 102400K, used 38166K [0x00000000c0000000, 0x0000000100000000)
  region size 1024K, 1 young (1024K), 0 survivors (0K)
 Metaspace       used 62473K, committed 62976K, reserved 1114112K
  class space    used 7567K, committed 7808K, reserved 1048576K
}
Event: 26587.749 GC heap after
{Heap after GC invocations=2222 (full 2185):
 garbage-first heap   total 102400K, used 38166K [0x00000000c0000000, 0x0000000100000000)
  region size 1024K, 0 young (0K), 0 survivors (0K)
 Metaspace       used 62473K, committed 62976K, reserved 1114112K
  class space    used 7567K, committed 7808K, reserved 1048576K
}
Event: 26597.989 GC heap before
{Heap before GC invocations=2222 (full 2185):
 garbage-first heap   total 102400K, used 38166K [0x00000000c0000000, 0x0000000100000000)
  region size 1024K, 1 young (1024K), 0 survivors (0K)
 Metaspace       used 62473K, committed 62976K, reserved 1114112K
  class space    used 7567K, committed 7808K, reserved 1048576K
}
Event: 26598.118 GC heap after
{Heap after GC invocations=2223 (full 2186):
 garbage-first heap   total 102400K, used 38166K [0x00000000c0000000, 0x0000000100000000)
  region size 1024K, 0 young (0K), 0 survivors (0K)
 Metaspace       used 62473K, committed 62976K, reserved 1114112K
  class space    used 7567K, committed 7808K, reserved 1048576K
}
Event: 26608.373 GC heap before
{Heap before GC invocations=2223 (full 2186):
 garbage-first heap   total 102400K, used 38166K [0x00000000c0000000, 0x0000000100000000)
  region size 1024K, 1 young (1024K), 0 survivors (0K)
 Metaspace       used 62473K, committed 62976K, reserved 1114112K
  class space    used 7567K, committed 7808K, reserved 1048576K
}
Event: 26608.440 GC heap after
{Heap after GC invocations=2224 (full 2187):
 garbage-first heap   total 102400K, used 38166K [0x00000000c0000000, 0x0000000100000000)
  region size 1024K, 0 young (0K), 0 survivors (0K)
 Metaspace       used 62473K, committed 62976K, reserved 1114112K
  class space    used 7567K, committed 7808K, reserved 1048576K
}
Event: 26618.707 GC heap before
{Heap before GC invocations=2224 (full 2187):
 garbage-first heap   total 102400K, used 38166K [0x00000000c0000000, 0x0000000100000000)
  region size 1024K, 1 young (1024K), 0 survivors (0K)
 Metaspace       used 62473K, committed 62976K, reserved 1114112K
  class space    used 7567K, committed 7808K, reserved 1048576K
}
Event: 26618.780 GC heap after
{Heap after GC invocations=2225 (full 2188):
 garbage-first heap   total 102400K, used 38166K [0x00000000c0000000, 0x0000000100000000)
  region size 1024K, 0 young (0K), 0 survivors (0K)
 Metaspace       used 62473K, committed 62976K, reserved 1114112K
  class space    used 7567K, committed 7808K, reserved 1048576K
}
Event: 26629.062 GC heap before
{Heap before GC invocations=2225 (full 2188):
 garbage-first heap   total 102400K, used 38166K [0x00000000c0000000, 0x0000000100000000)
  region size 1024K, 1 young (1024K), 0 survivors (0K)
 Metaspace       used 62473K, committed 62976K, reserved 1114112K
  class space    used 7567K, committed 7808K, reserved 1048576K
}
Event: 26629.137 GC heap after
{Heap after GC invocations=2226 (full 2189):
 garbage-first heap   total 102400K, used 38166K [0x00000000c0000000, 0x0000000100000000)
  region size 1024K, 0 young (0K), 0 survivors (0K)
 Metaspace       used 62473K, committed 62976K, reserved 1114112K
  class space    used 7567K, committed 7808K, reserved 1048576K
}

